<?xml version="1.0" encoding="UTF-8"?>
<testsuites name="Mocha Tests" time="23.612" tests="5" failures="0">
  <testsuite name="Root Suite" timestamp="2025-01-08T13:08:00" tests="0" file="cypress\e2e\cucumber_tests\ticketbox.feature" time="0.000" failures="0">
  </testsuite>
  <testsuite name="Compra de tickets" timestamp="2025-01-08T13:08:00" tests="5" time="23.603" failures="0">
    <testcase name="Compra de tickets Compra de 1 ticket do tipo General Admission usEo a opção Friend" time="5.407" classname="Compra de 1 ticket do tipo General Admission usEo a opção Friend">
    </testcase>
    <testcase name="Compra de tickets Compra de 2 ticket do tipo VIP usEo a opção Publication" time="4.155" classname="Compra de 2 ticket do tipo VIP usEo a opção Publication">
    </testcase>
    <testcase name="Compra de tickets Compra de 3 ticket do tipo VIP usEo a opção Social Media" time="3.467" classname="Compra de 3 ticket do tipo VIP usEo a opção Social Media">
    </testcase>
    <testcase name="Compra de tickets Compra de 4 ticket do tipo General Admission usEo a opção Publication" time="3.284" classname="Compra de 4 ticket do tipo General Admission usEo a opção Publication">
    </testcase>
    <testcase name="Compra de tickets Validar funcionamento do botão Reset" time="2.723" classname="Validar funcionamento do botão Reset">
    </testcase>
  </testsuite>
</testsuites>