<?xml version="1.0" encoding="UTF-8"?>
<testsuites name="Mocha Tests" time="22.248" tests="5" failures="0">
  <testsuite name="Root Suite" timestamp="2025-01-23T17:36:50" tests="0" file="cypress\e2e\testes.cy.js" time="0.000" failures="0">
  </testsuite>
  <testsuite name="Testes Compra de Tickets" timestamp="2025-01-23T17:36:50" tests="5" time="22.241" failures="0">
    <testcase name="Testes Compra de Tickets 15: Compra de 1 ticket do tipo General Admission usando a opção Friend" time="5.456" classname="15: Compra de 1 ticket do tipo General Admission usando a opção Friend">
    </testcase>
    <testcase name="Testes Compra de Tickets 17: Compra de 2 ticket do tipo VIP usando a opção Publication" time="3.418" classname="17: Compra de 2 ticket do tipo VIP usando a opção Publication">
    </testcase>
    <testcase name="Testes Compra de Tickets 18: Compra de 3 ticket do tipo VIP usando a opção Social Media" time="3.491" classname="18: Compra de 3 ticket do tipo VIP usando a opção Social Media">
    </testcase>
    <testcase name="Testes Compra de Tickets 19: Compra de 4 ticket do tipo General Admission usando a opção Publication" time="3.304" classname="19: Compra de 4 ticket do tipo General Admission usando a opção Publication">
    </testcase>
    <testcase name="Testes Compra de Tickets 20: Validar Funcionamento do Botao Reset" time="3.977" classname="20: Validar Funcionamento do Botao Reset">
    </testcase>
  </testsuite>
</testsuites>