<?xml version="1.0" encoding="UTF-8"?>
<testsuites name="Mocha Tests" time="22.883" tests="5" failures="0">
  <testsuite name="Root Suite" timestamp="2025-01-08T13:08:27" tests="0" file="cypress\e2e\testes.cy.js" time="0.000" failures="0">
  </testsuite>
  <testsuite name="Testes Compra de Tickets" timestamp="2025-01-08T13:08:27" tests="5" time="22.876" failures="0">
    <testcase name="Testes Compra de Tickets Compra de 1 ticket do tipo General Admission usando a opção Friend" time="5.264" classname="Compra de 1 ticket do tipo General Admission usando a opção Friend">
    </testcase>
    <testcase name="Testes Compra de Tickets Compra de 2 ticket do tipo VIP usando a opção Publication" time="3.544" classname="Compra de 2 ticket do tipo VIP usando a opção Publication">
    </testcase>
    <testcase name="Testes Compra de Tickets Compra de 3 ticket do tipo VIP usando a opção Social Media" time="3.831" classname="Compra de 3 ticket do tipo VIP usando a opção Social Media">
    </testcase>
    <testcase name="Testes Compra de Tickets Compra de 4 ticket do tipo General Admission usando a opção Publication" time="3.513" classname="Compra de 4 ticket do tipo General Admission usando a opção Publication">
    </testcase>
    <testcase name="Testes Compra de Tickets Validar Funcionamento do Botao Reset" time="3.907" classname="Validar Funcionamento do Botao Reset">
    </testcase>
  </testsuite>
</testsuites>