<?xml version="1.0" encoding="UTF-8"?>
<testsuites name="Mocha Tests" time="43.565" tests="5" failures="0">
  <testsuite name="Root Suite" timestamp="2025-01-23T16:59:24" tests="0" file="cypress\e2e\cucumber_tests\ticketbox.feature" time="0.000" failures="0">
  </testsuite>
  <testsuite name="Compra de tickets" timestamp="2025-01-23T16:59:24" tests="5" time="43.547" failures="0">
    <testcase name="Compra de tickets Compra de 1 ticket do tipo General Admission usando a opção Friend" time="26.422" classname="Compra de 1 ticket do tipo General Admission usando a opção Friend">
    </testcase>
    <testcase name="Compra de tickets Compra de 2 ticket do tipo VIP usando a opção Publication" time="3.776" classname="Compra de 2 ticket do tipo VIP usando a opção Publication">
    </testcase>
    <testcase name="Compra de tickets Compra de 3 ticket do tipo VIP usando a opção Social Media" time="3.378" classname="Compra de 3 ticket do tipo VIP usando a opção Social Media">
    </testcase>
    <testcase name="Compra de tickets Compra de 4 ticket do tipo General Admission usando a opção Publication" time="3.144" classname="Compra de 4 ticket do tipo General Admission usando a opção Publication">
    </testcase>
    <testcase name="Compra de tickets Validar Funcionamento do Botao Reset" time="2.786" classname="Validar Funcionamento do Botao Reset">
    </testcase>
  </testsuite>
</testsuites>