<?xml version="1.0" encoding="UTF-8"?>
<testsuites name="Mocha Tests" time="24.827" tests="5" failures="0">
  <testsuite name="Root Suite" timestamp="2025-01-16T13:41:59" tests="0" file="cypress\e2e\cucumber_tests\ticketbox.feature" time="0.000" failures="0">
  </testsuite>
  <testsuite name="Compra de tickets" timestamp="2025-01-16T13:41:59" tests="5" time="24.819" failures="0">
    <testcase name="Compra de tickets Compra de 1 ticket do tipo General Admission usEo a opção Friend" time="6.397" classname="Compra de 1 ticket do tipo General Admission usEo a opção Friend">
    </testcase>
    <testcase name="Compra de tickets Compra de 2 ticket do tipo VIP usEo a opção Publication" time="4.202" classname="Compra de 2 ticket do tipo VIP usEo a opção Publication">
    </testcase>
    <testcase name="Compra de tickets Compra de 3 ticket do tipo VIP usEo a opção Social Media" time="3.863" classname="Compra de 3 ticket do tipo VIP usEo a opção Social Media">
    </testcase>
    <testcase name="Compra de tickets Compra de 4 ticket do tipo General Admission usEo a opção Publication" time="3.374" classname="Compra de 4 ticket do tipo General Admission usEo a opção Publication">
    </testcase>
    <testcase name="Compra de tickets Validar funcionamento do botão Reset" time="2.889" classname="Validar funcionamento do botão Reset">
    </testcase>
  </testsuite>
</testsuites>