<?xml version="1.0" encoding="UTF-8"?>
<testsuites name="Mocha Tests" time="23.549" tests="5" failures="0">
  <testsuite name="Root Suite" timestamp="2025-01-23T17:36:20" tests="0" file="cypress\e2e\cucumber_tests\ticketbox.feature" time="0.000" failures="0">
  </testsuite>
  <testsuite name="Compra de tickets" timestamp="2025-01-23T17:36:20" tests="5" time="23.543" failures="0">
    <testcase name="Compra de tickets Compra de 1 ticket do tipo General Admission usando a opção Friend" time="5.490" classname="Compra de 1 ticket do tipo General Admission usando a opção Friend">
    </testcase>
    <testcase name="Compra de tickets Compra de 2 ticket do tipo VIP usando a opção Publication" time="3.952" classname="Compra de 2 ticket do tipo VIP usando a opção Publication">
    </testcase>
    <testcase name="Compra de tickets Compra de 3 ticket do tipo VIP usando a opção Social Media" time="4.011" classname="Compra de 3 ticket do tipo VIP usando a opção Social Media">
    </testcase>
    <testcase name="Compra de tickets Compra de 4 ticket do tipo General Admission usando a opção Publication" time="3.404" classname="Compra de 4 ticket do tipo General Admission usando a opção Publication">
    </testcase>
    <testcase name="Compra de tickets Validar Funcionamento do Botao Reset" time="2.724" classname="Validar Funcionamento do Botao Reset">
    </testcase>
  </testsuite>
</testsuites>