<?xml version="1.0" encoding="UTF-8"?>
<testsuites name="Mocha Tests" time="25.469" tests="5" failures="0">
  <testsuite name="Root Suite" timestamp="2025-01-16T13:42:28" tests="0" file="cypress\e2e\testes.cy.js" time="0.000" failures="0">
  </testsuite>
  <testsuite name="Testes Compra de Tickets" timestamp="2025-01-16T13:42:28" tests="5" time="25.462" failures="0">
    <testcase name="Testes Compra de Tickets Compra de 1 ticket do tipo General Admission usando a opção Friend" time="5.322" classname="Compra de 1 ticket do tipo General Admission usando a opção Friend">
    </testcase>
    <testcase name="Testes Compra de Tickets Compra de 2 ticket do tipo VIP usando a opção Publication" time="4.003" classname="Compra de 2 ticket do tipo VIP usando a opção Publication">
    </testcase>
    <testcase name="Testes Compra de Tickets Compra de 3 ticket do tipo VIP usando a opção Social Media" time="4.402" classname="Compra de 3 ticket do tipo VIP usando a opção Social Media">
    </testcase>
    <testcase name="Testes Compra de Tickets Compra de 4 ticket do tipo General Admission usando a opção Publication" time="3.945" classname="Compra de 4 ticket do tipo General Admission usando a opção Publication">
    </testcase>
    <testcase name="Testes Compra de Tickets Validar Funcionamento do Botao Reset" time="4.343" classname="Validar Funcionamento do Botao Reset">
    </testcase>
  </testsuite>
</testsuites>